Server Time: Fri, 09 Sep 2022 10:37:02 +0100


Execute scheduled task: Cleanup old sessions (core\task\session_cleanup_task)
... started 10:37:03. Current memory use 16.1MB.
... used 7 dbqueries
... used 0.031936883926392 seconds
Scheduled task complete: Cleanup old sessions (core\task\session_cleanup_task)
Execute scheduled task: Send new user passwords (core\task\send_new_user_passwords_task)
... started 10:37:03. Current memory use 17.4MB.
... used 1 dbqueries
... used 0.0014450550079346 seconds
Scheduled task complete: Send new user passwords (core\task\send_new_user_passwords_task)
Execute scheduled task: Send failed login notifications (core\task\send_failed_login_notifications_task)
... started 10:37:03. Current memory use 17.4MB.
... used 0 dbqueries
... used 0.0012660026550293 seconds
Scheduled task complete: Send failed login notifications (core\task\send_failed_login_notifications_task)
Execute scheduled task: Legacy cron processing for plugins (core\task\legacy_plugin_cron_task)
... started 10:37:03. Current memory use 17.4MB.
Running auth crons if required...
Running enrol crons if required...
Starting activity modules
Finished activity modules
Starting blocks
Finished blocks
Starting admin reports
Finished admin reports
Starting course reports
Finished course reports
Starting gradebook plugins
Finished gradebook plugins
... used 2 dbqueries
... used 0.21998405456543 seconds
Scheduled task complete: Legacy cron processing for plugins (core\task\legacy_plugin_cron_task)
Execute scheduled task: Background processing for gradebook (core\task\grade_cron_task)
... started 10:37:03. Current memory use 22.4MB.
... used 2 dbqueries
... used 0.0073740482330322 seconds
Scheduled task complete: Background processing for gradebook (core\task\grade_cron_task)
Execute scheduled task: Calculate regular completion data (core\task\completion_regular_task)
... started 10:37:03. Current memory use 22.5MB.
... used 6 dbqueries
... used 0.089477062225342 seconds
Scheduled task complete: Calculate regular completion data (core\task\completion_regular_task)
Execute scheduled task: Background processing for portfolio plugins (core\task\portfolio_cron_task)
... started 10:37:03. Current memory use 22.9MB.
... used 0 dbqueries
... used 0.001533031463623 seconds
Scheduled task complete: Background processing for portfolio plugins (core\task\portfolio_cron_task)
Execute scheduled task: Background processing for legacy cron in plagiarism plugins (core\task\plagiarism_cron_task)
... started 10:37:03. Current memory use 22.9MB.
... used 0 dbqueries
... used 0.0013139247894287 seconds
Scheduled task complete: Background processing for legacy cron in plagiarism plugins (core\task\plagiarism_cron_task)
Execute scheduled task: Send calendar notifications (core\task\calendar_cron_task)
... started 10:37:03. Current memory use 23.3MB.
... used 1 dbqueries
... used 0.045983076095581 seconds
Scheduled task complete: Send calendar notifications (core\task\calendar_cron_task)
Execute scheduled task: Sync external blogs (core\task\blog_cron_task)
... started 10:37:03. Current memory use 23.7MB.
... used 2 dbqueries
... used 0.0098559856414795 seconds
Scheduled task complete: Sync external blogs (core\task\blog_cron_task)
Execute scheduled task: Background processing for cleaning up question previews (core\task\question_preview_cleanup_task)
... started 10:37:03. Current memory use 24MB.

  Cleaning up old question previews...done.
... used 2 dbqueries
... used 0.037490844726562 seconds
Scheduled task complete: Background processing for cleaning up question previews (core\task\question_preview_cleanup_task)
Execute scheduled task: Background processing for cleaning up question statistics caches (core\task\question_stats_cleanup_task)
... started 10:37:03. Current memory use 25.7MB.

  Cleaning up old question statistics cache records...done.
... used 4 dbqueries
... used 0.007781982421875 seconds
Scheduled task complete: Background processing for cleaning up question statistics caches (core\task\question_stats_cleanup_task)
Execute scheduled task: Background processing for assignment module (mod_assign\task\cron_task)
... started 10:37:03. Current memory use 27.9MB.
... used 3 dbqueries
... used 0.075031042098999 seconds
Scheduled task complete: Background processing for assignment module (mod_assign\task\cron_task)
Execute scheduled task: Forum mailings and maintenance jobs (mod_forum\task\cron_task)
... started 10:37:04. Current memory use 31.8MB.
Removing old digest records from 7 days ago.
Removed all old digest records.
Fetching unmailed posts.
  No posts found.
... used 2 dbqueries
... used 0.010425090789795 seconds
Scheduled task complete: Forum mailings and maintenance jobs (mod_forum\task\cron_task)
Execute scheduled task: Updating overdue quiz attempts (mod_quiz\task\update_overdue_attempts)
... started 10:37:04. Current memory use 33MB.
  Looking for quiz overdue quiz attempts...
  Considered 0 attempts in 0 quizzes.
... used 1 dbqueries
... used 0.012528896331787 seconds
Scheduled task complete: Updating overdue quiz attempts (mod_quiz\task\update_overdue_attempts)
Execute scheduled task: Legacy cron quiz reports (mod_quiz\task\legacy_quiz_reports_cron)
... started 10:37:04. Current memory use 33MB.
... used 0 dbqueries
... used 0.0028171539306641 seconds
Scheduled task complete: Legacy cron quiz reports (mod_quiz\task\legacy_quiz_reports_cron)
Execute scheduled task: Legacy cron quiz access rules (mod_quiz\task\legacy_quiz_accessrules_cron)
... started 10:37:04. Current memory use 33MB.
... used 0 dbqueries
... used 0.0038888454437256 seconds
Scheduled task complete: Legacy cron quiz access rules (mod_quiz\task\legacy_quiz_accessrules_cron)
Execute scheduled task: Background processing for workshop module (mod_workshop\task\cron_task)
... started 10:37:04. Current memory use 33MB.
 processing workshop subplugins ...
... used 1 dbqueries
... used 0.0043110847473145 seconds
Scheduled task complete: Background processing for workshop module (mod_workshop\task\cron_task)
Execute scheduled task: Legacy cron workshop allocation (mod_workshop\task\legacy_workshop_allocation_cron)
... started 10:37:04. Current memory use 33MB.
... used 0 dbqueries
... used 0.0013611316680908 seconds
Scheduled task complete: Legacy cron workshop allocation (mod_workshop\task\legacy_workshop_allocation_cron)
Execute scheduled task: Incoming email pickup (tool_messageinbound\task\pickup_task)
... started 10:37:04. Current memory use 32.1MB.
Inbound Message not fully configured - exiting early.
... used 0 dbqueries
... used 0.0052380561828613 seconds
Scheduled task complete: Incoming email pickup (tool_messageinbound\task\pickup_task)
Execute scheduled task: Cleanup event monitor events (tool_monitor\task\clean_events)
... started 10:37:04. Current memory use 32.2MB.
... used 0 dbqueries
... used 0.0026750564575195 seconds
Scheduled task complete: Cleanup event monitor events (tool_monitor\task\clean_events)
Execute scheduled task: Background processing for scheduled allocation (workshopallocation_scheduled\task\cron_task)
... started 10:37:04. Current memory use 32.3MB.
... no workshops awaiting scheduled allocation. ... used 1 dbqueries
... used 0.0044348239898682 seconds
Scheduled task complete: Background processing for scheduled allocation (workshopallocation_scheduled\task\cron_task)
Ran 0 adhoc tasks found at Fri, 09 Sep 2022 10:37:02 +0100
Cron script completed correctly
Cron completed at 10:37:04. Memory used 32.2MB.
Execution took 1.830582 seconds
